  example1.cpp
c:\users\nuttaworn\desktop\cs543 fall18\hw2\graphics_starting_code_2\glslexperiment\example1.cpp(259): warning C4244: '=': conversion from 'double' to 'float', possible loss of data
c:\users\nuttaworn\desktop\cs543 fall18\hw2\graphics_starting_code_2\glslexperiment\example1.cpp(260): warning C4244: '=': conversion from 'double' to 'float', possible loss of data
c:\users\nuttaworn\desktop\cs543 fall18\hw2\graphics_starting_code_2\glslexperiment\example1.cpp(261): warning C4244: '=': conversion from 'double' to 'float', possible loss of data
c:\users\nuttaworn\desktop\cs543 fall18\hw2\graphics_starting_code_2\glslexperiment\example1.cpp(280): warning C4244: 'initializing': conversion from 'double' to 'float', possible loss of data
c:\users\nuttaworn\desktop\cs543 fall18\hw2\graphics_starting_code_2\glslexperiment\example1.cpp(281): warning C4244: 'initializing': conversion from 'double' to 'float', possible loss of data
c:\users\nuttaworn\desktop\cs543 fall18\hw2\graphics_starting_code_2\glslexperiment\example1.cpp(282): warning C4244: 'initializing': conversion from 'double' to 'float', possible loss of data
c:\users\nuttaworn\desktop\cs543 fall18\hw2\graphics_starting_code_2\glslexperiment\example1.cpp(284): warning C4305: 'argument': truncation from 'double' to 'const GLfloat'
c:\users\nuttaworn\desktop\cs543 fall18\hw2\graphics_starting_code_2\glslexperiment\example1.cpp(408): warning C4305: 'argument': truncation from 'double' to 'const GLfloat'
c:\users\nuttaworn\desktop\cs543 fall18\hw2\graphics_starting_code_2\glslexperiment\example1.cpp(409): warning C4305: 'argument': truncation from 'double' to 'const GLfloat'
c:\users\nuttaworn\desktop\cs543 fall18\hw2\graphics_starting_code_2\glslexperiment\example1.cpp(468): warning C4244: 'initializing': conversion from 'double' to 'int', possible loss of data
c:\users\nuttaworn\desktop\cs543 fall18\hw2\graphics_starting_code_2\glslexperiment\example1.cpp(469): warning C4244: 'initializing': conversion from 'double' to 'int', possible loss of data
c:\users\nuttaworn\desktop\cs543 fall18\hw2\graphics_starting_code_2\glslexperiment\example1.cpp(470): warning C4244: 'initializing': conversion from 'double' to 'int', possible loss of data
c:\users\nuttaworn\desktop\cs543 fall18\hw2\graphics_starting_code_2\glslexperiment\example1.cpp(471): warning C4244: 'initializing': conversion from 'double' to 'int', possible loss of data
c:\users\nuttaworn\desktop\cs543 fall18\hw2\graphics_starting_code_2\glslexperiment\example1.cpp(566): warning C4305: 'argument': truncation from 'double' to 'GLfloat'
c:\users\nuttaworn\desktop\cs543 fall18\hw2\graphics_starting_code_2\glslexperiment\example1.cpp(567): warning C4305: 'argument': truncation from 'double' to 'GLfloat'
c:\users\nuttaworn\desktop\cs543 fall18\hw2\graphics_starting_code_2\glslexperiment\example1.cpp(568): warning C4305: 'argument': truncation from 'double' to 'GLfloat'
c:\users\nuttaworn\desktop\cs543 fall18\hw2\graphics_starting_code_2\glslexperiment\example1.cpp(574): warning C4305: 'argument': truncation from 'double' to 'const GLfloat'
c:\users\nuttaworn\desktop\cs543 fall18\hw2\graphics_starting_code_2\glslexperiment\example1.cpp(575): warning C4305: 'argument': truncation from 'double' to 'const GLfloat'
c:\users\nuttaworn\desktop\cs543 fall18\hw2\graphics_starting_code_2\glslexperiment\example1.cpp(576): warning C4305: 'argument': truncation from 'double' to 'const GLfloat'
c:\users\nuttaworn\desktop\cs543 fall18\hw2\graphics_starting_code_2\glslexperiment\example1.cpp(586): warning C4305: 'argument': truncation from 'double' to 'const GLfloat'
c:\users\nuttaworn\desktop\cs543 fall18\hw2\graphics_starting_code_2\glslexperiment\example1.cpp(587): warning C4305: 'argument': truncation from 'double' to 'const GLfloat'
c:\users\nuttaworn\desktop\cs543 fall18\hw2\graphics_starting_code_2\glslexperiment\example1.cpp(588): warning C4305: 'argument': truncation from 'double' to 'const GLfloat'
c:\users\nuttaworn\desktop\cs543 fall18\hw2\graphics_starting_code_2\glslexperiment\example1.cpp(725): warning C4244: 'argument': conversion from 'double' to 'const GLfloat', possible loss of data
  Generating code
  1 of 268 functions ( 0.4%) were compiled, the rest were copied from previous compilation.
    0 functions were new in current compilation
    4 functions had inline decision re-evaluated but remain unchanged
  Finished generating code
  GLSLExperiment.vcxproj -> C:\Users\Nuttaworn\Desktop\CS543 Fall18\HW2\graphics_starting_code_2\Release\GLSLExperiment.exe
