c:\temp\graphics_starting_code_2\glslexperiment\debug\example1.obj
c:\temp\graphics_starting_code_2\glslexperiment\debug\initshader.obj
c:\temp\graphics_starting_code_2\glslexperiment\debug\textfile.obj
c:\temp\graphics_starting_code_2\glslexperiment\debug\vc100.pdb
c:\temp\deletable\cs4731_d14_program_tests\hw2\graphics_starting_code_2\glslexperiment\debug\example1.obj
c:\temp\deletable\cs4731_d14_program_tests\hw2\graphics_starting_code_2\glslexperiment\debug\initshader.obj
c:\temp\deletable\cs4731_d14_program_tests\hw2\graphics_starting_code_2\glslexperiment\debug\textfile.obj
c:\temp\deletable\cs4731_d14_program_tests\hw2\graphics_starting_code_2\glslexperiment\debug\vc100.pdb
c:\temp\graphics_starting_code_2\debug\glslexperiment.ilk
c:\temp\graphics_starting_code_2\debug\glslexperiment.exe
c:\temp\graphics_starting_code_2\glslexperiment\debug\glslexperiment.exe.intermediate.manifest
c:\temp\graphics_starting_code_2\debug\glslexperiment.pdb
c:\temp\deletable\cs4731_d14_program_tests\hw2\graphics_starting_code_2\debug\glslexperiment.ilk
c:\temp\deletable\cs4731_d14_program_tests\hw2\graphics_starting_code_2\debug\glslexperiment.exe
c:\temp\deletable\cs4731_d14_program_tests\hw2\graphics_starting_code_2\glslexperiment\debug\glslexperiment.exe.intermediate.manifest
c:\temp\deletable\cs4731_d14_program_tests\hw2\graphics_starting_code_2\debug\glslexperiment.pdb
c:\users\nuttaworn\desktop\cs543 fall18\hw3\graphics_starting_code_2\glslexperiment\debug\vc141.pdb
c:\users\nuttaworn\desktop\cs543 fall18\hw3\graphics_starting_code_2\glslexperiment\debug\vc141.idb
c:\users\nuttaworn\desktop\cs543 fall18\hw3\graphics_starting_code_2\glslexperiment\debug\initshader.obj
c:\users\nuttaworn\desktop\cs543 fall18\hw3\graphics_starting_code_2\glslexperiment\debug\textfile.obj
c:\users\nuttaworn\desktop\cs543 fall18\hw3\graphics_starting_code_2\glslexperiment\debug\example1.obj
c:\users\nuttaworn\desktop\cs543 fall18\hw3\graphics_starting_code_2\glslexperiment\debug\glslexperiment.vcxprojresolveassemblyreference.cache
c:\users\nuttaworn\desktop\cs543 fall18\hw3\graphics_starting_code_2\glslexperiment\debug\cl.command.1.tlog
c:\users\nuttaworn\desktop\cs543 fall18\hw3\graphics_starting_code_2\glslexperiment\debug\cl.read.1.tlog
c:\users\nuttaworn\desktop\cs543 fall18\hw3\graphics_starting_code_2\glslexperiment\debug\cl.write.1.tlog
c:\users\nuttaworn\desktop\cs543 fall18\hw3\graphics_starting_code_2\glslexperiment\debug\glslexperiment.write.1.tlog
c:\users\nuttaworn\desktop\cs543 fall18\hw3\graphics_starting_code_2\glslexperiment\debug\link.command.1.tlog
c:\users\nuttaworn\desktop\cs543 fall18\hw3\graphics_starting_code_2\glslexperiment\debug\link.read.1.tlog
c:\users\nuttaworn\desktop\cs543 fall18\hw3\graphics_starting_code_2\glslexperiment\debug\link.write.1.tlog
c:\users\nuttaworn\desktop\cs543 fall18\hw3\graphics_starting_code_2\glslexperiment\debug\mt.command.1.tlog
c:\users\nuttaworn\desktop\cs543 fall18\hw3\graphics_starting_code_2\glslexperiment\debug\mt.read.1.tlog
c:\users\nuttaworn\desktop\cs543 fall18\hw3\graphics_starting_code_2\glslexperiment\debug\mt.write.1.tlog
c:\users\nuttaworn\desktop\cs543 fall18\hw3\graphics_starting_code_2\glslexperiment\debug\glslexperiment.exe.intermediate.manifest
c:\users\nuttaworn\desktop\cs543 fall18\hw3\graphics_starting_code_2\glslexperiment\debug\vc100.idb
c:\users\nuttaworn\desktop\cs543 fall18\hw3\graphics_starting_code_2\glslexperiment\debug\vc100.pdb
c:\users\nuttaworn\desktop\cs543 fall18\hw3\graphics_starting_code_2\debug\glslexperiment.pdb
c:\users\nuttaworn\desktop\cs543 fall18\hw3\graphics_starting_code_2\glslexperiment\debug\glslexperiment.tlog\cl.command.1.tlog
c:\users\nuttaworn\desktop\cs543 fall18\hw3\graphics_starting_code_2\glslexperiment\debug\glslexperiment.tlog\cl.read.1.tlog
c:\users\nuttaworn\desktop\cs543 fall18\hw3\graphics_starting_code_2\glslexperiment\debug\glslexperiment.tlog\cl.write.1.tlog
c:\users\nuttaworn\desktop\cs543 fall18\hw3\graphics_starting_code_2\glslexperiment\debug\glslexperiment.tlog\link-cvtres.read.1.tlog
c:\users\nuttaworn\desktop\cs543 fall18\hw3\graphics_starting_code_2\glslexperiment\debug\glslexperiment.tlog\link-cvtres.write.1.tlog
c:\users\nuttaworn\desktop\cs543 fall18\hw3\graphics_starting_code_2\glslexperiment\debug\glslexperiment.tlog\link-rc.read.1.tlog
c:\users\nuttaworn\desktop\cs543 fall18\hw3\graphics_starting_code_2\glslexperiment\debug\glslexperiment.tlog\link-rc.write.1.tlog
c:\users\nuttaworn\desktop\cs543 fall18\hw3\graphics_starting_code_2\glslexperiment\debug\glslexperiment.tlog\link.command.1.tlog
c:\users\nuttaworn\desktop\cs543 fall18\hw3\graphics_starting_code_2\glslexperiment\debug\glslexperiment.tlog\link.read.1.tlog
c:\users\nuttaworn\desktop\cs543 fall18\hw3\graphics_starting_code_2\glslexperiment\debug\glslexperiment.tlog\link.write.1.tlog
