r:\cs543 computer graphics\graphics_starting_code_2\graphics_starting_code_2\glslexperiment\release\vc141.pdb
r:\cs543 computer graphics\graphics_starting_code_2\graphics_starting_code_2\glslexperiment\release\textfile.obj
r:\cs543 computer graphics\graphics_starting_code_2\graphics_starting_code_2\glslexperiment\release\initshader.obj
r:\cs543 computer graphics\graphics_starting_code_2\graphics_starting_code_2\glslexperiment\release\example1.obj
r:\cs543 computer graphics\graphics_starting_code_2\graphics_starting_code_2\release\glslexperiment.ipdb
r:\cs543 computer graphics\graphics_starting_code_2\graphics_starting_code_2\release\glslexperiment.iobj
r:\cs543 computer graphics\graphics_starting_code_2\graphics_starting_code_2\release\glslexperiment.exe
r:\cs543 computer graphics\graphics_starting_code_2\graphics_starting_code_2\release\glslexperiment.pdb
c:\users\nsujumnong\desktop\cs543 computer graphics\graphics_starting_code_2\graphics_starting_code_2\glslexperiment\release\example1.obj
c:\users\nsujumnong\desktop\cs543 computer graphics\graphics_starting_code_2\graphics_starting_code_2\glslexperiment\release\initshader.obj
c:\users\nsujumnong\desktop\cs543 computer graphics\graphics_starting_code_2\graphics_starting_code_2\glslexperiment\release\textfile.obj
c:\users\nsujumnong\desktop\cs543 computer graphics\graphics_starting_code_2\graphics_starting_code_2\glslexperiment\release\vc141.pdb
c:\users\nsujumnong\desktop\cs543 computer graphics\graphics_starting_code_2\graphics_starting_code_2\release\glslexperiment.pdb
c:\users\nsujumnong\desktop\cs543 computer graphics\graphics_starting_code_2\graphics_starting_code_2\release\glslexperiment.exe
c:\users\nsujumnong\desktop\cs543 computer graphics\graphics_starting_code_2\graphics_starting_code_2\glslexperiment\release\glslexperiment.tlog\cl.command.1.tlog
c:\users\nsujumnong\desktop\cs543 computer graphics\graphics_starting_code_2\graphics_starting_code_2\glslexperiment\release\glslexperiment.tlog\cl.read.1.tlog
c:\users\nsujumnong\desktop\cs543 computer graphics\graphics_starting_code_2\graphics_starting_code_2\glslexperiment\release\glslexperiment.tlog\cl.write.1.tlog
c:\users\nsujumnong\desktop\cs543 computer graphics\graphics_starting_code_2\graphics_starting_code_2\glslexperiment\release\glslexperiment.tlog\glslexperiment.write.1u.tlog
c:\users\nsujumnong\desktop\cs543 computer graphics\graphics_starting_code_2\graphics_starting_code_2\glslexperiment\release\glslexperiment.tlog\link.command.1.tlog
c:\users\nsujumnong\desktop\cs543 computer graphics\graphics_starting_code_2\graphics_starting_code_2\glslexperiment\release\glslexperiment.tlog\link.read.1.tlog
c:\users\nsujumnong\desktop\cs543 computer graphics\graphics_starting_code_2\graphics_starting_code_2\glslexperiment\release\glslexperiment.tlog\link.write.1.tlog
