c:\temp\deletable\cs543_proj1_test_f12\b11_proj1_starting_code_handed_out\graphics_starting_code\glslexperiment\debug\example1.obj
c:\temp\deletable\cs543_proj1_test_f12\b11_proj1_starting_code_handed_out\graphics_starting_code\glslexperiment\debug\initshader.obj
c:\temp\deletable\cs543_proj1_test_f12\b11_proj1_starting_code_handed_out\graphics_starting_code\glslexperiment\debug\textfile.obj
c:\temp\deletable\cs543_proj1_test_f12\b11_proj1_starting_code_handed_out\graphics_starting_code\glslexperiment\debug\vc100.pdb
c:\temp\cs4731_hw0\graphics_starting_code\glslexperiment\debug\example1.obj
c:\temp\cs4731_hw0\graphics_starting_code\glslexperiment\debug\initshader.obj
c:\temp\cs4731_hw0\graphics_starting_code\glslexperiment\debug\textfile.obj
c:\temp\cs4731_hw0\graphics_starting_code\glslexperiment\debug\vc100.pdb
c:\temp\deletable\cs4731_d14_program_tests\hw1\graphics_starting_code\glslexperiment\debug\example1.obj
c:\temp\deletable\cs4731_d14_program_tests\hw1\graphics_starting_code\glslexperiment\debug\initshader.obj
c:\temp\deletable\cs4731_d14_program_tests\hw1\graphics_starting_code\glslexperiment\debug\textfile.obj
c:\temp\deletable\cs4731_d14_program_tests\hw1\graphics_starting_code\glslexperiment\debug\vc100.pdb
c:\temp\deletable\cs543_proj1_test_f12\b11_proj1_starting_code_handed_out\graphics_starting_code\debug\glslexperiment.ilk
c:\temp\deletable\cs543_proj1_test_f12\b11_proj1_starting_code_handed_out\graphics_starting_code\debug\glslexperiment.exe
c:\temp\deletable\cs543_proj1_test_f12\b11_proj1_starting_code_handed_out\graphics_starting_code\glslexperiment\debug\glslexperiment.exe.intermediate.manifest
c:\temp\deletable\cs543_proj1_test_f12\b11_proj1_starting_code_handed_out\graphics_starting_code\debug\glslexperiment.pdb
c:\temp\cs4731_hw0\graphics_starting_code\debug\glslexperiment.ilk
c:\temp\cs4731_hw0\graphics_starting_code\debug\glslexperiment.exe
c:\temp\cs4731_hw0\graphics_starting_code\glslexperiment\debug\glslexperiment.exe.intermediate.manifest
c:\temp\cs4731_hw0\graphics_starting_code\debug\glslexperiment.pdb
c:\temp\deletable\cs4731_d14_program_tests\hw1\graphics_starting_code\debug\glslexperiment.ilk
c:\temp\deletable\cs4731_d14_program_tests\hw1\graphics_starting_code\debug\glslexperiment.exe
c:\temp\deletable\cs4731_d14_program_tests\hw1\graphics_starting_code\glslexperiment\debug\glslexperiment.exe.intermediate.manifest
c:\temp\deletable\cs4731_d14_program_tests\hw1\graphics_starting_code\debug\glslexperiment.pdb
c:\temp\graphics_starting_code\glslexperiment\debug\glslexperiment.vcxprojresolveassemblyreference.cache
c:\temp\graphics_starting_code\glslexperiment\debug\example1.obj
c:\temp\graphics_starting_code\glslexperiment\debug\initshader.obj
c:\temp\graphics_starting_code\glslexperiment\debug\textfile.obj
c:\temp\graphics_starting_code\glslexperiment\debug\cl.command.1.tlog
c:\temp\graphics_starting_code\glslexperiment\debug\cl.read.1.tlog
c:\temp\graphics_starting_code\glslexperiment\debug\cl.write.1.tlog
c:\temp\graphics_starting_code\glslexperiment\debug\glslexperiment.write.1.tlog
c:\temp\graphics_starting_code\glslexperiment\debug\link.command.1.tlog
c:\temp\graphics_starting_code\glslexperiment\debug\link.read.1.tlog
c:\temp\graphics_starting_code\glslexperiment\debug\link.write.1.tlog
c:\temp\graphics_starting_code\glslexperiment\debug\mt.command.1.tlog
c:\temp\graphics_starting_code\glslexperiment\debug\mt.read.1.tlog
c:\temp\graphics_starting_code\glslexperiment\debug\mt.write.1.tlog
c:\temp\graphics_starting_code\glslexperiment\debug\glslexperiment.exe.intermediate.manifest
c:\temp\graphics_starting_code\glslexperiment\debug\vc100.idb
c:\temp\graphics_starting_code\glslexperiment\debug\vc100.pdb
c:\temp\graphics_starting_code\debug\glslexperiment.pdb
c:\temp\graphics_starting_code\debug\glslexperiment.exe
c:\temp\graphics_starting_code\debug\glslexperiment.ilk
