  example1.cpp
c:\users\nuttaworn\desktop\cs543 fall18\hw3\graphics_starting_code_2\glslexperiment\example1.cpp(396): warning C4244: 'argument': conversion from 'int' to 'const GLfloat', possible loss of data
c:\users\nuttaworn\desktop\cs543 fall18\hw3\graphics_starting_code_2\glslexperiment\example1.cpp(397): warning C4244: 'argument': conversion from 'int' to 'const GLfloat', possible loss of data
c:\users\nuttaworn\desktop\cs543 fall18\hw3\graphics_starting_code_2\glslexperiment\example1.cpp(398): warning C4244: 'argument': conversion from 'int' to 'const GLfloat', possible loss of data
c:\users\nuttaworn\desktop\cs543 fall18\hw3\graphics_starting_code_2\glslexperiment\example1.cpp(399): warning C4244: 'argument': conversion from 'int' to 'const GLfloat', possible loss of data
c:\users\nuttaworn\desktop\cs543 fall18\hw3\graphics_starting_code_2\glslexperiment\example1.cpp(400): warning C4244: 'argument': conversion from 'int' to 'const GLfloat', possible loss of data
c:\users\nuttaworn\desktop\cs543 fall18\hw3\graphics_starting_code_2\glslexperiment\example1.cpp(401): warning C4244: 'argument': conversion from 'int' to 'const GLfloat', possible loss of data
c:\users\nuttaworn\desktop\cs543 fall18\hw3\graphics_starting_code_2\glslexperiment\example1.cpp(509): warning C4305: 'argument': truncation from 'double' to 'const GLfloat'
c:\users\nuttaworn\desktop\cs543 fall18\hw3\graphics_starting_code_2\glslexperiment\example1.cpp(517): warning C4305: 'argument': truncation from 'double' to 'const GLfloat'
c:\users\nuttaworn\desktop\cs543 fall18\hw3\graphics_starting_code_2\glslexperiment\example1.cpp(533): warning C4101: 'ch': unreferenced local variable
c:\users\nuttaworn\desktop\cs543 fall18\hw3\graphics_starting_code_2\glslexperiment\example1.cpp(989): warning C4244: 'argument': conversion from 'int' to 'const GLfloat', possible loss of data
c:\users\nuttaworn\desktop\cs543 fall18\hw3\graphics_starting_code_2\glslexperiment\example1.cpp(1001): warning C4244: 'argument': conversion from 'int' to 'const GLfloat', possible loss of data
c:\users\nuttaworn\desktop\cs543 fall18\hw3\graphics_starting_code_2\glslexperiment\example1.cpp(1014): warning C4244: 'argument': conversion from 'int' to 'const GLfloat', possible loss of data
c:\users\nuttaworn\desktop\cs543 fall18\hw3\graphics_starting_code_2\glslexperiment\example1.cpp(1027): warning C4244: 'argument': conversion from 'int' to 'const GLfloat', possible loss of data
c:\users\nuttaworn\desktop\cs543 fall18\hw3\graphics_starting_code_2\glslexperiment\example1.cpp(1040): warning C4244: 'argument': conversion from 'int' to 'const GLfloat', possible loss of data
c:\users\nuttaworn\desktop\cs543 fall18\hw3\graphics_starting_code_2\glslexperiment\example1.cpp(1097): warning C4244: '=': conversion from 'int' to 'float', possible loss of data
c:\users\nuttaworn\desktop\cs543 fall18\hw3\graphics_starting_code_2\glslexperiment\example1.cpp(1098): warning C4244: '=': conversion from 'int' to 'float', possible loss of data
c:\users\nuttaworn\desktop\cs543 fall18\hw3\graphics_starting_code_2\glslexperiment\example1.cpp(1099): warning C4244: '=': conversion from 'int' to 'float', possible loss of data
c:\users\nuttaworn\desktop\cs543 fall18\hw3\graphics_starting_code_2\glslexperiment\example1.cpp(1107): warning C4244: '=': conversion from 'int' to 'float', possible loss of data
c:\users\nuttaworn\desktop\cs543 fall18\hw3\graphics_starting_code_2\glslexperiment\example1.cpp(1108): warning C4244: '=': conversion from 'int' to 'float', possible loss of data
c:\users\nuttaworn\desktop\cs543 fall18\hw3\graphics_starting_code_2\glslexperiment\example1.cpp(1109): warning C4244: '=': conversion from 'int' to 'float', possible loss of data
c:\users\nuttaworn\desktop\cs543 fall18\hw3\graphics_starting_code_2\glslexperiment\example1.cpp(1117): warning C4244: '=': conversion from 'int' to 'float', possible loss of data
c:\users\nuttaworn\desktop\cs543 fall18\hw3\graphics_starting_code_2\glslexperiment\example1.cpp(1118): warning C4244: '=': conversion from 'int' to 'float', possible loss of data
c:\users\nuttaworn\desktop\cs543 fall18\hw3\graphics_starting_code_2\glslexperiment\example1.cpp(1119): warning C4244: '=': conversion from 'int' to 'float', possible loss of data
c:\users\nuttaworn\desktop\cs543 fall18\hw3\graphics_starting_code_2\glslexperiment\example1.cpp(1127): warning C4244: '=': conversion from 'int' to 'float', possible loss of data
c:\users\nuttaworn\desktop\cs543 fall18\hw3\graphics_starting_code_2\glslexperiment\example1.cpp(1128): warning C4244: '=': conversion from 'int' to 'float', possible loss of data
c:\users\nuttaworn\desktop\cs543 fall18\hw3\graphics_starting_code_2\glslexperiment\example1.cpp(1129): warning C4244: '=': conversion from 'int' to 'float', possible loss of data
c:\users\nuttaworn\desktop\cs543 fall18\hw3\graphics_starting_code_2\glslexperiment\example1.cpp(1137): warning C4244: '=': conversion from 'int' to 'float', possible loss of data
c:\users\nuttaworn\desktop\cs543 fall18\hw3\graphics_starting_code_2\glslexperiment\example1.cpp(1138): warning C4244: '=': conversion from 'int' to 'float', possible loss of data
c:\users\nuttaworn\desktop\cs543 fall18\hw3\graphics_starting_code_2\glslexperiment\example1.cpp(1139): warning C4244: '=': conversion from 'int' to 'float', possible loss of data
  Generating code
  3 of 343 functions ( 0.9%) were compiled, the rest were copied from previous compilation.
    0 functions were new in current compilation
    0 functions had inline decision re-evaluated but remain unchanged
  Finished generating code
  GLSLExperiment.vcxproj -> C:\Users\Nuttaworn\Desktop\CS543 Fall18\HW3\graphics_starting_code_2\Release\GLSLExperiment.exe
