  example1.cpp
c:\users\nuttaworn\desktop\cs543 fall18\hw2\nuttaworn_sujumnong_hw2\glslexperiment\example1.cpp(280): warning C4244: 'initializing': conversion from 'double' to 'float', possible loss of data
c:\users\nuttaworn\desktop\cs543 fall18\hw2\nuttaworn_sujumnong_hw2\glslexperiment\example1.cpp(281): warning C4244: 'initializing': conversion from 'double' to 'float', possible loss of data
c:\users\nuttaworn\desktop\cs543 fall18\hw2\nuttaworn_sujumnong_hw2\glslexperiment\example1.cpp(282): warning C4244: 'initializing': conversion from 'double' to 'float', possible loss of data
c:\users\nuttaworn\desktop\cs543 fall18\hw2\nuttaworn_sujumnong_hw2\glslexperiment\example1.cpp(404): warning C4305: 'argument': truncation from 'double' to 'const GLfloat'
c:\users\nuttaworn\desktop\cs543 fall18\hw2\nuttaworn_sujumnong_hw2\glslexperiment\example1.cpp(405): warning C4305: 'argument': truncation from 'double' to 'const GLfloat'
c:\users\nuttaworn\desktop\cs543 fall18\hw2\nuttaworn_sujumnong_hw2\glslexperiment\example1.cpp(462): warning C4244: 'initializing': conversion from 'double' to 'int', possible loss of data
c:\users\nuttaworn\desktop\cs543 fall18\hw2\nuttaworn_sujumnong_hw2\glslexperiment\example1.cpp(463): warning C4244: 'initializing': conversion from 'double' to 'int', possible loss of data
c:\users\nuttaworn\desktop\cs543 fall18\hw2\nuttaworn_sujumnong_hw2\glslexperiment\example1.cpp(464): warning C4244: 'initializing': conversion from 'double' to 'int', possible loss of data
c:\users\nuttaworn\desktop\cs543 fall18\hw2\nuttaworn_sujumnong_hw2\glslexperiment\example1.cpp(465): warning C4244: 'initializing': conversion from 'double' to 'int', possible loss of data
c:\users\nuttaworn\desktop\cs543 fall18\hw2\nuttaworn_sujumnong_hw2\glslexperiment\example1.cpp(560): warning C4305: 'argument': truncation from 'double' to 'GLfloat'
c:\users\nuttaworn\desktop\cs543 fall18\hw2\nuttaworn_sujumnong_hw2\glslexperiment\example1.cpp(561): warning C4305: 'argument': truncation from 'double' to 'GLfloat'
c:\users\nuttaworn\desktop\cs543 fall18\hw2\nuttaworn_sujumnong_hw2\glslexperiment\example1.cpp(562): warning C4305: 'argument': truncation from 'double' to 'GLfloat'
c:\users\nuttaworn\desktop\cs543 fall18\hw2\nuttaworn_sujumnong_hw2\glslexperiment\example1.cpp(568): warning C4305: 'argument': truncation from 'double' to 'const GLfloat'
c:\users\nuttaworn\desktop\cs543 fall18\hw2\nuttaworn_sujumnong_hw2\glslexperiment\example1.cpp(569): warning C4305: 'argument': truncation from 'double' to 'const GLfloat'
c:\users\nuttaworn\desktop\cs543 fall18\hw2\nuttaworn_sujumnong_hw2\glslexperiment\example1.cpp(570): warning C4305: 'argument': truncation from 'double' to 'const GLfloat'
c:\users\nuttaworn\desktop\cs543 fall18\hw2\nuttaworn_sujumnong_hw2\glslexperiment\example1.cpp(580): warning C4305: 'argument': truncation from 'double' to 'const GLfloat'
c:\users\nuttaworn\desktop\cs543 fall18\hw2\nuttaworn_sujumnong_hw2\glslexperiment\example1.cpp(581): warning C4305: 'argument': truncation from 'double' to 'const GLfloat'
c:\users\nuttaworn\desktop\cs543 fall18\hw2\nuttaworn_sujumnong_hw2\glslexperiment\example1.cpp(582): warning C4305: 'argument': truncation from 'double' to 'const GLfloat'
c:\users\nuttaworn\desktop\cs543 fall18\hw2\nuttaworn_sujumnong_hw2\glslexperiment\example1.cpp(719): warning C4244: 'argument': conversion from 'double' to 'const GLfloat', possible loss of data
  InitShader.cpp
  textfile.cpp
  Generating code
  258 of 266 functions (97.0%) were compiled, the rest were copied from previous compilation.
    15 functions were new in current compilation
    0 functions had inline decision re-evaluated but remain unchanged
  Finished generating code
  GLSLExperiment.vcxproj -> C:\Users\Nuttaworn\Desktop\CS543 Fall18\HW2\Nuttaworn_Sujumnong_HW2\Release\GLSLExperiment.exe
