e:\cs543 computer graphics\graphics_starting_code_2\glslexperiment\release\vc141.pdb
e:\cs543 computer graphics\graphics_starting_code_2\glslexperiment\release\textfile.obj
e:\cs543 computer graphics\graphics_starting_code_2\glslexperiment\release\initshader.obj
e:\cs543 computer graphics\graphics_starting_code_2\glslexperiment\release\example1.obj
e:\cs543 computer graphics\graphics_starting_code_2 - shade\glslexperiment\release\vc141.pdb
e:\cs543 computer graphics\graphics_starting_code_2 - shade\glslexperiment\release\textfile.obj
e:\cs543 computer graphics\graphics_starting_code_2 - shade\glslexperiment\release\initshader.obj
e:\cs543 computer graphics\graphics_starting_code_2 - shade\glslexperiment\release\example1.obj
e:\cs543 computer graphics\texture_example_code\glslexperiment\release\vc141.pdb
e:\cs543 computer graphics\texture_example_code\glslexperiment\release\textfile.obj
e:\cs543 computer graphics\texture_example_code\glslexperiment\release\initshader.obj
e:\cs543 computer graphics\texture_example_code\glslexperiment\release\example1.obj
e:\cs543 computer graphics\graphics_starting_code_2\release\glslexperiment.ipdb
e:\cs543 computer graphics\graphics_starting_code_2\release\glslexperiment.iobj
e:\cs543 computer graphics\graphics_starting_code_2 - shade\release\glslexperiment.ipdb
e:\cs543 computer graphics\graphics_starting_code_2 - shade\release\glslexperiment.iobj
e:\cs543 computer graphics\texture_example_code\release\glslexperiment.ipdb
e:\cs543 computer graphics\texture_example_code\release\glslexperiment.iobj
e:\cs543 computer graphics\graphics_starting_code_2\release\glslexperiment.exe
e:\cs543 computer graphics\graphics_starting_code_2\release\glslexperiment.pdb
e:\cs543 computer graphics\graphics_starting_code_2 - shade\release\glslexperiment.exe
e:\cs543 computer graphics\graphics_starting_code_2 - shade\release\glslexperiment.pdb
e:\cs543 computer graphics\texture_example_code\release\glslexperiment.exe
e:\cs543 computer graphics\texture_example_code\release\glslexperiment.pdb
e:\cs543 computer graphics\texture_example_code\glslexperiment\release\glslexperiment.tlog\cl.command.1.tlog
e:\cs543 computer graphics\texture_example_code\glslexperiment\release\glslexperiment.tlog\cl.read.1.tlog
e:\cs543 computer graphics\texture_example_code\glslexperiment\release\glslexperiment.tlog\cl.write.1.tlog
e:\cs543 computer graphics\texture_example_code\glslexperiment\release\glslexperiment.tlog\glslexperiment.write.1u.tlog
e:\cs543 computer graphics\texture_example_code\glslexperiment\release\glslexperiment.tlog\link.command.1.tlog
e:\cs543 computer graphics\texture_example_code\glslexperiment\release\glslexperiment.tlog\link.read.1.tlog
e:\cs543 computer graphics\texture_example_code\glslexperiment\release\glslexperiment.tlog\link.write.1.tlog
