c:\temp\graphics_starting_code\glslexperiment\release\textfile.obj
c:\temp\graphics_starting_code\glslexperiment\release\initshader.obj
c:\temp\graphics_starting_code\glslexperiment\release\example1.obj
c:\temp\graphics_starting_code\glslexperiment\release\vc100.pdb
c:\users\wrdisanto\desktop\graphics_starting_code\glslexperiment\release\textfile.obj
c:\users\wrdisanto\desktop\graphics_starting_code\glslexperiment\release\initshader.obj
c:\users\wrdisanto\desktop\graphics_starting_code\glslexperiment\release\example1.obj
c:\users\wrdisanto\desktop\graphics_starting_code\glslexperiment\release\vc100.pdb
c:\temp\deletable\cs4731_d14_program_tests\hw2\graphics_starting_code_2\glslexperiment\release\textfile.obj
c:\temp\deletable\cs4731_d14_program_tests\hw2\graphics_starting_code_2\glslexperiment\release\initshader.obj
c:\temp\deletable\cs4731_d14_program_tests\hw2\graphics_starting_code_2\glslexperiment\release\example1.obj
c:\temp\deletable\cs4731_d14_program_tests\hw2\graphics_starting_code_2\glslexperiment\release\vc100.pdb
m:\public_html\courses\cs4731\a14\homework\hw2\test\graphics_starting_code_2\glslexperiment\release\textfile.obj
m:\public_html\courses\cs4731\a14\homework\hw2\test\graphics_starting_code_2\glslexperiment\release\initshader.obj
m:\public_html\courses\cs4731\a14\homework\hw2\test\graphics_starting_code_2\glslexperiment\release\example1.obj
m:\public_html\courses\cs4731\a14\homework\hw2\test\graphics_starting_code_2\glslexperiment\release\vc100.pdb
c:\temp\graphics_starting_code\release\glslexperiment.exe
c:\users\wrdisanto\desktop\graphics_starting_code\release\glslexperiment.exe
c:\temp\deletable\cs4731_d14_program_tests\hw2\graphics_starting_code_2\release\glslexperiment.exe
m:\public_html\courses\cs4731\a14\homework\hw2\test\graphics_starting_code_2\release\glslexperiment.exe
c:\temp\graphics_starting_code\glslexperiment\release\glslexperiment.exe.intermediate.manifest
c:\temp\graphics_starting_code\release\glslexperiment.pdb
c:\users\wrdisanto\desktop\graphics_starting_code\glslexperiment\release\glslexperiment.exe.intermediate.manifest
c:\users\wrdisanto\desktop\graphics_starting_code\release\glslexperiment.pdb
c:\temp\deletable\cs4731_d14_program_tests\hw2\graphics_starting_code_2\glslexperiment\release\glslexperiment.exe.intermediate.manifest
c:\temp\deletable\cs4731_d14_program_tests\hw2\graphics_starting_code_2\release\glslexperiment.pdb
m:\public_html\courses\cs4731\a14\homework\hw2\test\graphics_starting_code_2\glslexperiment\release\glslexperiment.exe.intermediate.manifest
m:\public_html\courses\cs4731\a14\homework\hw2\test\graphics_starting_code_2\release\glslexperiment.pdb
r:\cs543 computer graphics\graphics_starting_code_2\graphics_starting_code_2\glslexperiment\release\vc141.pdb
r:\cs543 computer graphics\graphics_starting_code_2\graphics_starting_code_2\glslexperiment\release\textfile.obj
r:\cs543 computer graphics\graphics_starting_code_2\graphics_starting_code_2\glslexperiment\release\initshader.obj
r:\cs543 computer graphics\graphics_starting_code_2\graphics_starting_code_2\glslexperiment\release\example1.obj
r:\cs543 computer graphics\graphics_starting_code_2\graphics_starting_code_2\glslexperiment\release\glslexperiment.vcxprojresolveassemblyreference.cache
r:\cs543 computer graphics\graphics_starting_code_2\graphics_starting_code_2\glslexperiment\release\mt.command.1.tlog
r:\cs543 computer graphics\graphics_starting_code_2\graphics_starting_code_2\glslexperiment\release\mt.read.1.tlog
r:\cs543 computer graphics\graphics_starting_code_2\graphics_starting_code_2\glslexperiment\release\cl.command.1.tlog
r:\cs543 computer graphics\graphics_starting_code_2\graphics_starting_code_2\glslexperiment\release\cl.write.1.tlog
r:\cs543 computer graphics\graphics_starting_code_2\graphics_starting_code_2\glslexperiment\release\glslexperiment.write.1.tlog
r:\cs543 computer graphics\graphics_starting_code_2\graphics_starting_code_2\glslexperiment\release\cl.read.1.tlog
r:\cs543 computer graphics\graphics_starting_code_2\graphics_starting_code_2\glslexperiment\release\link.command.1.tlog
r:\cs543 computer graphics\graphics_starting_code_2\graphics_starting_code_2\glslexperiment\release\link.read.1.tlog
r:\cs543 computer graphics\graphics_starting_code_2\graphics_starting_code_2\glslexperiment\release\mt.write.1.tlog
r:\cs543 computer graphics\graphics_starting_code_2\graphics_starting_code_2\glslexperiment\release\link.write.1.tlog
r:\cs543 computer graphics\graphics_starting_code_2\graphics_starting_code_2\glslexperiment\release\glslexperiment.exe.intermediate.manifest
r:\cs543 computer graphics\graphics_starting_code_2\graphics_starting_code_2\glslexperiment\release\vc100.pdb
r:\cs543 computer graphics\graphics_starting_code_2\graphics_starting_code_2\release\glslexperiment.pdb
r:\cs543 computer graphics\graphics_starting_code_2\graphics_starting_code_2\glslexperiment\release\glslexperiment.tlog\link-cvtres.write.1.tlog
r:\cs543 computer graphics\graphics_starting_code_2\graphics_starting_code_2\glslexperiment\release\glslexperiment.tlog\link-rc.read.1.tlog
r:\cs543 computer graphics\graphics_starting_code_2\graphics_starting_code_2\glslexperiment\release\glslexperiment.tlog\cl.command.1.tlog
r:\cs543 computer graphics\graphics_starting_code_2\graphics_starting_code_2\glslexperiment\release\glslexperiment.tlog\cl.write.1.tlog
r:\cs543 computer graphics\graphics_starting_code_2\graphics_starting_code_2\glslexperiment\release\glslexperiment.tlog\cl.read.1.tlog
r:\cs543 computer graphics\graphics_starting_code_2\graphics_starting_code_2\glslexperiment\release\glslexperiment.tlog\link.command.1.tlog
r:\cs543 computer graphics\graphics_starting_code_2\graphics_starting_code_2\glslexperiment\release\glslexperiment.tlog\link.read.1.tlog
r:\cs543 computer graphics\graphics_starting_code_2\graphics_starting_code_2\glslexperiment\release\glslexperiment.tlog\link-rc.write.1.tlog
r:\cs543 computer graphics\graphics_starting_code_2\graphics_starting_code_2\glslexperiment\release\glslexperiment.tlog\link-cvtres.read.1.tlog
r:\cs543 computer graphics\graphics_starting_code_2\graphics_starting_code_2\glslexperiment\release\glslexperiment.tlog\link.write.1.tlog
